{"/Users/julianf/Desktop/part5/frontend/bloglist-frontend/src/App.jsx": {"path":"/Users/julianf/Desktop/part5/frontend/bloglist-frontend/src/App.jsx","statementMap":{"0":{"start":{"line":10,"column":12},"end":{"line":136,"column":1}},"1":{"start":{"line":11,"column":28},"end":{"line":11,"column":40}},"2":{"start":{"line":12,"column":34},"end":{"line":12,"column":46}},"3":{"start":{"line":13,"column":34},"end":{"line":13,"column":46}},"4":{"start":{"line":14,"column":26},"end":{"line":14,"column":40}},"5":{"start":{"line":15,"column":42},"end":{"line":15,"column":54}},"6":{"start":{"line":16,"column":38},"end":{"line":16,"column":50}},"7":{"start":{"line":18,"column":2},"end":{"line":30,"column":12}},"8":{"start":{"line":19,"column":23},"end":{"line":28,"column":5}},"9":{"start":{"line":20,"column":6},"end":{"line":27,"column":7}},"10":{"start":{"line":21,"column":8},"end":{"line":26,"column":9}},"11":{"start":{"line":22,"column":24},"end":{"line":22,"column":50}},"12":{"start":{"line":23,"column":10},"end":{"line":23,"column":25}},"13":{"start":{"line":25,"column":10},"end":{"line":25,"column":55}},"14":{"start":{"line":29,"column":4},"end":{"line":29,"column":16}},"15":{"start":{"line":32,"column":2},"end":{"line":39,"column":8}},"16":{"start":{"line":33,"column":27},"end":{"line":33,"column":78}},"17":{"start":{"line":34,"column":4},"end":{"line":38,"column":5}},"18":{"start":{"line":35,"column":19},"end":{"line":35,"column":45}},"19":{"start":{"line":36,"column":6},"end":{"line":36,"column":19}},"20":{"start":{"line":37,"column":6},"end":{"line":37,"column":38}},"21":{"start":{"line":41,"column":29},"end":{"line":46,"column":3}},"22":{"start":{"line":42,"column":4},"end":{"line":42,"column":28}},"23":{"start":{"line":43,"column":4},"end":{"line":45,"column":12}},"24":{"start":{"line":44,"column":6},"end":{"line":44,"column":25}},"25":{"start":{"line":48,"column":27},"end":{"line":53,"column":3}},"26":{"start":{"line":49,"column":4},"end":{"line":49,"column":26}},"27":{"start":{"line":50,"column":4},"end":{"line":52,"column":12}},"28":{"start":{"line":51,"column":6},"end":{"line":51,"column":23}},"29":{"start":{"line":55,"column":22},"end":{"line":69,"column":3}},"30":{"start":{"line":56,"column":4},"end":{"line":56,"column":26}},"31":{"start":{"line":57,"column":4},"end":{"line":68,"column":5}},"32":{"start":{"line":58,"column":19},"end":{"line":58,"column":67}},"33":{"start":{"line":59,"column":20},"end":{"line":59,"column":30}},"34":{"start":{"line":60,"column":6},"end":{"line":60,"column":65}},"35":{"start":{"line":61,"column":6},"end":{"line":61,"column":79}},"36":{"start":{"line":62,"column":6},"end":{"line":62,"column":19}},"37":{"start":{"line":63,"column":6},"end":{"line":63,"column":33}},"38":{"start":{"line":65,"column":6},"end":{"line":65,"column":77}},"39":{"start":{"line":66,"column":6},"end":{"line":66,"column":21}},"40":{"start":{"line":67,"column":6},"end":{"line":67,"column":21}},"41":{"start":{"line":71,"column":23},"end":{"line":78,"column":3}},"42":{"start":{"line":72,"column":4},"end":{"line":72,"column":26}},"43":{"start":{"line":73,"column":4},"end":{"line":73,"column":59}},"44":{"start":{"line":74,"column":4},"end":{"line":74,"column":58}},"45":{"start":{"line":75,"column":4},"end":{"line":75,"column":17}},"46":{"start":{"line":76,"column":4},"end":{"line":76,"column":19}},"47":{"start":{"line":77,"column":4},"end":{"line":77,"column":19}},"48":{"start":{"line":80,"column":2},"end":{"line":106,"column":3}},"49":{"start":{"line":81,"column":4},"end":{"line":105,"column":5}},"50":{"start":{"line":91,"column":40},"end":{"line":91,"column":65}},"51":{"start":{"line":98,"column":38},"end":{"line":98,"column":63}},"52":{"start":{"line":108,"column":2},"end":{"line":135,"column":3}},"53":{"start":{"line":129,"column":26},"end":{"line":129,"column":43}},"54":{"start":{"line":131,"column":12},"end":{"line":131,"column":176}}},"fnMap":{"0":{"name":"(anonymous_0)","decl":{"start":{"line":10,"column":12},"end":{"line":10,"column":13}},"loc":{"start":{"line":10,"column":18},"end":{"line":136,"column":1}},"line":10},"1":{"name":"(anonymous_1)","decl":{"start":{"line":18,"column":12},"end":{"line":18,"column":13}},"loc":{"start":{"line":18,"column":18},"end":{"line":30,"column":3}},"line":18},"2":{"name":"(anonymous_2)","decl":{"start":{"line":19,"column":23},"end":{"line":19,"column":24}},"loc":{"start":{"line":19,"column":35},"end":{"line":28,"column":5}},"line":19},"3":{"name":"(anonymous_3)","decl":{"start":{"line":32,"column":12},"end":{"line":32,"column":13}},"loc":{"start":{"line":32,"column":18},"end":{"line":39,"column":3}},"line":32},"4":{"name":"(anonymous_4)","decl":{"start":{"line":41,"column":29},"end":{"line":41,"column":30}},"loc":{"start":{"line":41,"column":42},"end":{"line":46,"column":3}},"line":41},"5":{"name":"(anonymous_5)","decl":{"start":{"line":43,"column":15},"end":{"line":43,"column":16}},"loc":{"start":{"line":43,"column":21},"end":{"line":45,"column":5}},"line":43},"6":{"name":"(anonymous_6)","decl":{"start":{"line":48,"column":27},"end":{"line":48,"column":28}},"loc":{"start":{"line":48,"column":40},"end":{"line":53,"column":3}},"line":48},"7":{"name":"(anonymous_7)","decl":{"start":{"line":50,"column":15},"end":{"line":50,"column":16}},"loc":{"start":{"line":50,"column":21},"end":{"line":52,"column":5}},"line":50},"8":{"name":"(anonymous_8)","decl":{"start":{"line":55,"column":22},"end":{"line":55,"column":23}},"loc":{"start":{"line":55,"column":39},"end":{"line":69,"column":3}},"line":55},"9":{"name":"(anonymous_9)","decl":{"start":{"line":71,"column":23},"end":{"line":71,"column":24}},"loc":{"start":{"line":71,"column":34},"end":{"line":78,"column":3}},"line":71},"10":{"name":"(anonymous_10)","decl":{"start":{"line":91,"column":24},"end":{"line":91,"column":25}},"loc":{"start":{"line":91,"column":40},"end":{"line":91,"column":65}},"line":91},"11":{"name":"(anonymous_11)","decl":{"start":{"line":98,"column":22},"end":{"line":98,"column":23}},"loc":{"start":{"line":98,"column":38},"end":{"line":98,"column":63}},"line":98},"12":{"name":"(anonymous_12)","decl":{"start":{"line":129,"column":16},"end":{"line":129,"column":17}},"loc":{"start":{"line":129,"column":26},"end":{"line":129,"column":43}},"line":129},"13":{"name":"(anonymous_13)","decl":{"start":{"line":130,"column":15},"end":{"line":130,"column":16}},"loc":{"start":{"line":130,"column":25},"end":{"line":132,"column":11}},"line":130}},"branchMap":{"0":{"loc":{"start":{"line":20,"column":6},"end":{"line":27,"column":7}},"type":"if","locations":[{"start":{"line":20,"column":6},"end":{"line":27,"column":7}},{"start":{},"end":{}}],"line":20},"1":{"loc":{"start":{"line":34,"column":4},"end":{"line":38,"column":5}},"type":"if","locations":[{"start":{"line":34,"column":4},"end":{"line":38,"column":5}},{"start":{},"end":{}}],"line":34},"2":{"loc":{"start":{"line":80,"column":2},"end":{"line":106,"column":3}},"type":"if","locations":[{"start":{"line":80,"column":2},"end":{"line":106,"column":3}},{"start":{},"end":{}}],"line":80}},"s":{"0":0,"1":0,"2":0,"3":0,"4":0,"5":0,"6":0,"7":0,"8":0,"9":0,"10":0,"11":0,"12":0,"13":0,"14":0,"15":0,"16":0,"17":0,"18":0,"19":0,"20":0,"21":0,"22":0,"23":0,"24":0,"25":0,"26":0,"27":0,"28":0,"29":0,"30":0,"31":0,"32":0,"33":0,"34":0,"35":0,"36":0,"37":0,"38":0,"39":0,"40":0,"41":0,"42":0,"43":0,"44":0,"45":0,"46":0,"47":0,"48":0,"49":0,"50":0,"51":0,"52":0,"53":0,"54":0},"f":{"0":0,"1":0,"2":0,"3":0,"4":0,"5":0,"6":0,"7":0,"8":0,"9":0,"10":0,"11":0,"12":0,"13":0},"b":{"0":[0,0],"1":[0,0],"2":[0,0]}}
,"/Users/julianf/Desktop/part5/frontend/bloglist-frontend/src/main.jsx": {"path":"/Users/julianf/Desktop/part5/frontend/bloglist-frontend/src/main.jsx","statementMap":{"0":{"start":{"line":4,"column":0},"end":{"line":4,"column":68}}},"fnMap":{},"branchMap":{},"s":{"0":0},"f":{},"b":{}}
,"/Users/julianf/Desktop/part5/frontend/bloglist-frontend/src/components/AddBlog.jsx": {"path":"/Users/julianf/Desktop/part5/frontend/bloglist-frontend/src/components/AddBlog.jsx","statementMap":{"0":{"start":{"line":5,"column":16},"end":{"line":72,"column":1}},"1":{"start":{"line":6,"column":32},"end":{"line":6,"column":76}},"2":{"start":{"line":9,"column":27},"end":{"line":11,"column":3}},"3":{"start":{"line":10,"column":4},"end":{"line":10,"column":71}},"4":{"start":{"line":13,"column":28},"end":{"line":27,"column":3}},"5":{"start":{"line":14,"column":4},"end":{"line":14,"column":26}},"6":{"start":{"line":16,"column":4},"end":{"line":26,"column":5}},"7":{"start":{"line":17,"column":26},"end":{"line":17,"column":59}},"8":{"start":{"line":18,"column":6},"end":{"line":18,"column":58}},"9":{"start":{"line":18,"column":30},"end":{"line":18,"column":57}},"10":{"start":{"line":20,"column":22},"end":{"line":20,"column":108}},"11":{"start":{"line":21,"column":6},"end":{"line":21,"column":33}},"12":{"start":{"line":23,"column":6},"end":{"line":23,"column":52}},"13":{"start":{"line":25,"column":6},"end":{"line":25,"column":52}},"14":{"start":{"line":30,"column":2},"end":{"line":71,"column":3}}},"fnMap":{"0":{"name":"(anonymous_0)","decl":{"start":{"line":5,"column":16},"end":{"line":5,"column":17}},"loc":{"start":{"line":5,"column":54},"end":{"line":72,"column":1}},"line":5},"1":{"name":"(anonymous_1)","decl":{"start":{"line":9,"column":27},"end":{"line":9,"column":28}},"loc":{"start":{"line":9,"column":38},"end":{"line":11,"column":3}},"line":9},"2":{"name":"(anonymous_2)","decl":{"start":{"line":13,"column":28},"end":{"line":13,"column":29}},"loc":{"start":{"line":13,"column":45},"end":{"line":27,"column":3}},"line":13},"3":{"name":"(anonymous_3)","decl":{"start":{"line":18,"column":15},"end":{"line":18,"column":16}},"loc":{"start":{"line":18,"column":30},"end":{"line":18,"column":57}},"line":18}},"branchMap":{},"s":{"0":2,"1":1,"2":1,"3":0,"4":1,"5":1,"6":1,"7":1,"8":0,"9":0,"10":0,"11":0,"12":0,"13":1,"14":1},"f":{"0":1,"1":0,"2":1,"3":0},"b":{},"_coverageSchema":"1a1c01bbd47fc00a2c39e90264f33305004495a9","hash":"bc6bb85a2c36980ffe7c4558b805fd41cf5720e6"}
,"/Users/julianf/Desktop/part5/frontend/bloglist-frontend/src/components/Blog.jsx": {"path":"/Users/julianf/Desktop/part5/frontend/bloglist-frontend/src/components/Blog.jsx","statementMap":{"0":{"start":{"line":6,"column":13},"end":{"line":103,"column":1}},"1":{"start":{"line":7,"column":24},"end":{"line":7,"column":39}},"2":{"start":{"line":9,"column":23},"end":{"line":9,"column":53}},"3":{"start":{"line":10,"column":23},"end":{"line":10,"column":53}},"4":{"start":{"line":13,"column":21},"end":{"line":25,"column":3}},"5":{"start":{"line":14,"column":4},"end":{"line":24,"column":5}},"6":{"start":{"line":15,"column":19},"end":{"line":15,"column":73}},"7":{"start":{"line":16,"column":24},"end":{"line":16,"column":40}},"8":{"start":{"line":17,"column":26},"end":{"line":17,"column":60}},"9":{"start":{"line":18,"column":6},"end":{"line":18,"column":63}},"10":{"start":{"line":19,"column":6},"end":{"line":19,"column":69}},"11":{"start":{"line":20,"column":27},"end":{"line":20,"column":64}},"12":{"start":{"line":21,"column":6},"end":{"line":21,"column":28}},"13":{"start":{"line":23,"column":6},"end":{"line":23,"column":51}},"14":{"start":{"line":28,"column":23},"end":{"line":45,"column":3}},"15":{"start":{"line":29,"column":4},"end":{"line":44,"column":5}},"16":{"start":{"line":30,"column":6},"end":{"line":43,"column":7}},"17":{"start":{"line":31,"column":21},"end":{"line":31,"column":75}},"18":{"start":{"line":32,"column":8},"end":{"line":32,"column":39}},"19":{"start":{"line":34,"column":8},"end":{"line":34,"column":45}},"20":{"start":{"line":35,"column":29},"end":{"line":35,"column":66}},"21":{"start":{"line":35,"column":49},"end":{"line":35,"column":65}},"22":{"start":{"line":36,"column":24},"end":{"line":36,"column":82}},"23":{"start":{"line":37,"column":8},"end":{"line":37,"column":28}},"24":{"start":{"line":38,"column":8},"end":{"line":38,"column":33}},"25":{"start":{"line":39,"column":8},"end":{"line":39,"column":30}},"26":{"start":{"line":42,"column":8},"end":{"line":42,"column":52}},"27":{"start":{"line":47,"column":20},"end":{"line":54,"column":3}},"28":{"start":{"line":56,"column":2},"end":{"line":102,"column":3}},"29":{"start":{"line":63,"column":25},"end":{"line":63,"column":37}},"30":{"start":{"line":90,"column":25},"end":{"line":90,"column":38}}},"fnMap":{"0":{"name":"(anonymous_0)","decl":{"start":{"line":6,"column":13},"end":{"line":6,"column":14}},"loc":{"start":{"line":6,"column":74},"end":{"line":103,"column":1}},"line":6},"1":{"name":"(anonymous_1)","decl":{"start":{"line":13,"column":21},"end":{"line":13,"column":22}},"loc":{"start":{"line":13,"column":33},"end":{"line":25,"column":3}},"line":13},"2":{"name":"(anonymous_2)","decl":{"start":{"line":28,"column":23},"end":{"line":28,"column":24}},"loc":{"start":{"line":28,"column":35},"end":{"line":45,"column":3}},"line":28},"3":{"name":"(anonymous_3)","decl":{"start":{"line":35,"column":42},"end":{"line":35,"column":43}},"loc":{"start":{"line":35,"column":49},"end":{"line":35,"column":65}},"line":35},"4":{"name":"(anonymous_4)","decl":{"start":{"line":63,"column":19},"end":{"line":63,"column":20}},"loc":{"start":{"line":63,"column":25},"end":{"line":63,"column":37}},"line":63},"5":{"name":"(anonymous_5)","decl":{"start":{"line":90,"column":19},"end":{"line":90,"column":20}},"loc":{"start":{"line":90,"column":25},"end":{"line":90,"column":38}},"line":90}},"branchMap":{"0":{"loc":{"start":{"line":9,"column":34},"end":{"line":9,"column":51}},"type":"cond-expr","locations":[{"start":{"line":9,"column":40},"end":{"line":9,"column":46}},{"start":{"line":9,"column":49},"end":{"line":9,"column":51}}],"line":9},"1":{"loc":{"start":{"line":10,"column":34},"end":{"line":10,"column":51}},"type":"cond-expr","locations":[{"start":{"line":10,"column":40},"end":{"line":10,"column":42}},{"start":{"line":10,"column":45},"end":{"line":10,"column":51}}],"line":10},"2":{"loc":{"start":{"line":29,"column":4},"end":{"line":44,"column":5}},"type":"if","locations":[{"start":{"line":29,"column":4},"end":{"line":44,"column":5}},{"start":{},"end":{}}],"line":29},"3":{"loc":{"start":{"line":85,"column":11},"end":{"line":85,"column":54}},"type":"cond-expr","locations":[{"start":{"line":85,"column":23},"end":{"line":85,"column":37}},{"start":{"line":85,"column":40},"end":{"line":85,"column":54}}],"line":85}},"s":{"0":1,"1":5,"2":5,"3":5,"4":5,"5":2,"6":2,"7":2,"8":0,"9":0,"10":0,"11":0,"12":0,"13":2,"14":5,"15":0,"16":0,"17":0,"18":0,"19":0,"20":0,"21":0,"22":0,"23":0,"24":0,"25":0,"26":0,"27":5,"28":5,"29":1,"30":0},"f":{"0":5,"1":2,"2":0,"3":0,"4":1,"5":0},"b":{"0":[1,4],"1":[1,4],"2":[0,0],"3":[0,5]},"_coverageSchema":"1a1c01bbd47fc00a2c39e90264f33305004495a9","hash":"64535d8d161f7cc547b705806fd83d9b52b780e3"}
,"/Users/julianf/Desktop/part5/frontend/bloglist-frontend/src/components/DisplayMessageGreen.jsx": {"path":"/Users/julianf/Desktop/part5/frontend/bloglist-frontend/src/components/DisplayMessageGreen.jsx","statementMap":{"0":{"start":{"line":5,"column":2},"end":{"line":5,"column":26}},"1":{"start":{"line":5,"column":15},"end":{"line":5,"column":26}},"2":{"start":{"line":8,"column":2},"end":{"line":10,"column":3}}},"fnMap":{"0":{"name":"DisplayMessageGreen","decl":{"start":{"line":4,"column":24},"end":{"line":4,"column":43}},"loc":{"start":{"line":4,"column":57},"end":{"line":11,"column":1}},"line":4}},"branchMap":{"0":{"loc":{"start":{"line":5,"column":2},"end":{"line":5,"column":26}},"type":"if","locations":[{"start":{"line":5,"column":2},"end":{"line":5,"column":26}},{"start":{},"end":{}}],"line":5}},"s":{"0":0,"1":0,"2":0},"f":{"0":0},"b":{"0":[0,0]}}
,"/Users/julianf/Desktop/part5/frontend/bloglist-frontend/src/components/DisplayRedMessage.jsx": {"path":"/Users/julianf/Desktop/part5/frontend/bloglist-frontend/src/components/DisplayRedMessage.jsx","statementMap":{"0":{"start":{"line":5,"column":4},"end":{"line":5,"column":28}},"1":{"start":{"line":5,"column":17},"end":{"line":5,"column":28}},"2":{"start":{"line":6,"column":2},"end":{"line":8,"column":3}}},"fnMap":{"0":{"name":"DisplayRedMessage","decl":{"start":{"line":4,"column":24},"end":{"line":4,"column":41}},"loc":{"start":{"line":4,"column":53},"end":{"line":9,"column":1}},"line":4}},"branchMap":{"0":{"loc":{"start":{"line":5,"column":4},"end":{"line":5,"column":28}},"type":"if","locations":[{"start":{"line":5,"column":4},"end":{"line":5,"column":28}},{"start":{},"end":{}}],"line":5}},"s":{"0":5,"1":5,"2":0},"f":{"0":5},"b":{"0":[5,0]},"_coverageSchema":"1a1c01bbd47fc00a2c39e90264f33305004495a9","hash":"c2dbe1c0e2fd632eeccf34018f440fb619a97455"}
,"/Users/julianf/Desktop/part5/frontend/bloglist-frontend/src/components/RemoveBlog.jsx": {"path":"/Users/julianf/Desktop/part5/frontend/bloglist-frontend/src/components/RemoveBlog.jsx","statementMap":{},"fnMap":{},"branchMap":{},"s":{},"f":{},"b":{}}
,"/Users/julianf/Desktop/part5/frontend/bloglist-frontend/src/components/Togglable.jsx": {"path":"/Users/julianf/Desktop/part5/frontend/bloglist-frontend/src/components/Togglable.jsx","statementMap":{"0":{"start":{"line":9,"column":32},"end":{"line":9,"column":47}},"1":{"start":{"line":11,"column":26},"end":{"line":11,"column":60}},"2":{"start":{"line":12,"column":26},"end":{"line":12,"column":60}},"3":{"start":{"line":14,"column":27},"end":{"line":16,"column":3}},"4":{"start":{"line":15,"column":4},"end":{"line":15,"column":24}},"5":{"start":{"line":18,"column":2},"end":{"line":20,"column":3}},"6":{"start":{"line":22,"column":2},"end":{"line":32,"column":3}}},"fnMap":{"0":{"name":"Togglable","decl":{"start":{"line":4,"column":24},"end":{"line":4,"column":33}},"loc":{"start":{"line":4,"column":41},"end":{"line":33,"column":1}},"line":4},"1":{"name":"(anonymous_1)","decl":{"start":{"line":14,"column":27},"end":{"line":14,"column":28}},"loc":{"start":{"line":14,"column":33},"end":{"line":16,"column":3}},"line":14}},"branchMap":{"0":{"loc":{"start":{"line":11,"column":37},"end":{"line":11,"column":58}},"type":"cond-expr","locations":[{"start":{"line":11,"column":47},"end":{"line":11,"column":53}},{"start":{"line":11,"column":56},"end":{"line":11,"column":58}}],"line":11},"1":{"loc":{"start":{"line":12,"column":37},"end":{"line":12,"column":58}},"type":"cond-expr","locations":[{"start":{"line":12,"column":47},"end":{"line":12,"column":49}},{"start":{"line":12,"column":52},"end":{"line":12,"column":58}}],"line":12}},"s":{"0":0,"1":0,"2":0,"3":0,"4":0,"5":0,"6":0},"f":{"0":0,"1":0},"b":{"0":[0,0],"1":[0,0]}}
,"/Users/julianf/Desktop/part5/frontend/bloglist-frontend/src/services/blogs.js": {"path":"/Users/julianf/Desktop/part5/frontend/bloglist-frontend/src/services/blogs.js","statementMap":{"0":{"start":{"line":2,"column":16},"end":{"line":2,"column":49}},"1":{"start":{"line":4,"column":12},"end":{"line":4,"column":16}},"2":{"start":{"line":6,"column":17},"end":{"line":8,"column":1}},"3":{"start":{"line":7,"column":2},"end":{"line":7,"column":30}},"4":{"start":{"line":10,"column":15},"end":{"line":16,"column":1}},"5":{"start":{"line":11,"column":17},"end":{"line":13,"column":3}},"6":{"start":{"line":14,"column":18},"end":{"line":14,"column":64}},"7":{"start":{"line":15,"column":2},"end":{"line":15,"column":50}},"8":{"start":{"line":15,"column":36},"end":{"line":15,"column":49}},"9":{"start":{"line":19,"column":15},"end":{"line":22,"column":1}},"10":{"start":{"line":20,"column":18},"end":{"line":20,"column":36}},"11":{"start":{"line":21,"column":2},"end":{"line":21,"column":50}},"12":{"start":{"line":21,"column":36},"end":{"line":21,"column":49}},"13":{"start":{"line":24,"column":15},"end":{"line":30,"column":1}},"14":{"start":{"line":25,"column":17},"end":{"line":27,"column":3}},"15":{"start":{"line":28,"column":19},"end":{"line":28,"column":61}},"16":{"start":{"line":29,"column":2},"end":{"line":29,"column":22}},"17":{"start":{"line":32,"column":19},"end":{"line":39,"column":1}},"18":{"start":{"line":34,"column":17},"end":{"line":36,"column":3}},"19":{"start":{"line":37,"column":19},"end":{"line":37,"column":69}},"20":{"start":{"line":38,"column":2},"end":{"line":38,"column":22}}},"fnMap":{"0":{"name":"(anonymous_0)","decl":{"start":{"line":6,"column":17},"end":{"line":6,"column":18}},"loc":{"start":{"line":6,"column":31},"end":{"line":8,"column":1}},"line":6},"1":{"name":"(anonymous_1)","decl":{"start":{"line":10,"column":15},"end":{"line":10,"column":16}},"loc":{"start":{"line":10,"column":32},"end":{"line":16,"column":1}},"line":10},"2":{"name":"(anonymous_2)","decl":{"start":{"line":15,"column":22},"end":{"line":15,"column":23}},"loc":{"start":{"line":15,"column":36},"end":{"line":15,"column":49}},"line":15},"3":{"name":"(anonymous_3)","decl":{"start":{"line":19,"column":15},"end":{"line":19,"column":16}},"loc":{"start":{"line":19,"column":21},"end":{"line":22,"column":1}},"line":19},"4":{"name":"(anonymous_4)","decl":{"start":{"line":21,"column":22},"end":{"line":21,"column":23}},"loc":{"start":{"line":21,"column":36},"end":{"line":21,"column":49}},"line":21},"5":{"name":"(anonymous_5)","decl":{"start":{"line":24,"column":15},"end":{"line":24,"column":16}},"loc":{"start":{"line":24,"column":34},"end":{"line":30,"column":1}},"line":24},"6":{"name":"(anonymous_6)","decl":{"start":{"line":32,"column":19},"end":{"line":32,"column":20}},"loc":{"start":{"line":32,"column":37},"end":{"line":39,"column":1}},"line":32}},"branchMap":{},"s":{"0":2,"1":2,"2":2,"3":0,"4":2,"5":0,"6":0,"7":0,"8":0,"9":2,"10":0,"11":0,"12":0,"13":2,"14":1,"15":1,"16":0,"17":2,"18":0,"19":0,"20":0},"f":{"0":0,"1":0,"2":0,"3":0,"4":0,"5":1,"6":0},"b":{},"_coverageSchema":"1a1c01bbd47fc00a2c39e90264f33305004495a9","hash":"4804ae7ba5065b754b0225f2b906e384733ec780"}
,"/Users/julianf/Desktop/part5/frontend/bloglist-frontend/src/services/login.js": {"path":"/Users/julianf/Desktop/part5/frontend/bloglist-frontend/src/services/login.js","statementMap":{"0":{"start":{"line":2,"column":16},"end":{"line":2,"column":49}},"1":{"start":{"line":4,"column":14},"end":{"line":7,"column":1}},"2":{"start":{"line":5,"column":19},"end":{"line":5,"column":57}},"3":{"start":{"line":6,"column":2},"end":{"line":6,"column":22}}},"fnMap":{"0":{"name":"(anonymous_0)","decl":{"start":{"line":4,"column":14},"end":{"line":4,"column":15}},"loc":{"start":{"line":4,"column":35},"end":{"line":7,"column":1}},"line":4}},"branchMap":{},"s":{"0":0,"1":0,"2":0,"3":0},"f":{"0":0},"b":{}}
}
